PUT|foo|bar
PUT|hello|world
PUT|hedsadllo|world
PUT|heldsadsalo|world
PUT|hedsadllo|world
PUT|heldsdsalo|world
PUT|heldsadlo|wodsdrld
PUT|heldsadlo|worldsdd
PUT|heldsadlo|world
PUT|user:123|{"id":"123","username":"thirasha","email":"t@crypto.io","age":50}
PUT|foo|bar
PUT|hello|world
PUT|hedsadllo|world
PUT|heldsadsalo|world
PUT|hedsadllo|world
PUT|heldsdsalo|world
PUT|heldsadlo|wodsdrld
PUT|heldsadlo|worldsdd
PUT|heldsadlo|world
PUT|user:123|{"id":"123","username":"thirasha","email":"t@crypto.io","age":50}
